[debug] [2022-11-03T14:24:05.846Z] ----------------------------------------------------------------------
[debug] [2022-11-03T14:24:05.849Z] Command:       C:\Program Files\nodejs\node.exe C:\Users\VAN HUNG\AppData\Roaming\npm\node_modules\firebase-tools\lib\bin\firebase.js init
[debug] [2022-11-03T14:24:05.850Z] CLI Version:   11.15.0
[debug] [2022-11-03T14:24:05.851Z] Platform:      win32
[debug] [2022-11-03T14:24:05.851Z] Node Version:  v16.14.2
[debug] [2022-11-03T14:24:05.852Z] Time:          Thu Nov 03 2022 21:24:05 GMT+0700 (Indochina Time)
[debug] [2022-11-03T14:24:05.853Z] ----------------------------------------------------------------------
[debug] 
[debug] [2022-11-03T14:24:06.001Z] > command requires scopes: ["email","openid","https://www.googleapis.com/auth/cloudplatformprojects.readonly","https://www.googleapis.com/auth/firebase","https://www.googleapis.com/auth/cloud-platform"]
[debug] [2022-11-03T14:24:06.002Z] > authorizing via signed-in user (vanhung591@gmail.com)
[info] 
     ######## #### ########  ######## ########     ###     ######  ########
     ##        ##  ##     ## ##       ##     ##  ##   ##  ##       ##
     ######    ##  ########  ######   ########  #########  ######  ######
     ##        ##  ##    ##  ##       ##     ## ##     ##       ## ##
     ##       #### ##     ## ######## ########  ##     ##  ######  ########

You're about to initialize a Firebase project in this directory:

  C:\Users\VAN HUNG\Desktop\chat-be-app\my-app

Before we get started, keep in mind:

  * You are initializing within an existing Firebase project directory

[info] 
=== Project Setup
[info] 
[info] First, let's associate this project directory with a Firebase project.
[info] You can create multiple project aliases by running firebase use --add, 
[info] but for now we'll just set up a default project.
[info] 
[debug] [2022-11-03T14:24:12.922Z] Using project from CLI flag: frontend-b8971
[debug] [2022-11-03T14:24:12.926Z] > refreshing access token with scopes: []
[debug] [2022-11-03T14:24:12.931Z] >>> [apiv2][query] POST https://www.googleapis.com/oauth2/v3/token [none]
[debug] [2022-11-03T14:24:12.931Z] >>> [apiv2][body] POST https://www.googleapis.com/oauth2/v3/token [omitted]
[debug] [2022-11-03T14:24:13.216Z] <<< [apiv2][status] POST https://www.googleapis.com/oauth2/v3/token 200
[debug] [2022-11-03T14:24:13.216Z] <<< [apiv2][body] POST https://www.googleapis.com/oauth2/v3/token [omitted]
[debug] [2022-11-03T14:24:13.244Z] >>> [apiv2][query] GET https://firebase.googleapis.com/v1beta1/projects/frontend-b8971 [none]
[debug] [2022-11-03T14:24:13.689Z] <<< [apiv2][status] GET https://firebase.googleapis.com/v1beta1/projects/frontend-b8971 200
[debug] [2022-11-03T14:24:13.690Z] <<< [apiv2][body] GET https://firebase.googleapis.com/v1beta1/projects/frontend-b8971 {"projectId":"frontend-b8971","projectNumber":"411612666294","displayName":"FrontEnd","name":"projects/frontend-b8971","resources":{"hostingSite":"frontend-b8971","storageBucket":"frontend-b8971.appspot.com","locationId":"asia-southeast2"},"state":"ACTIVE","etag":"1_97b016e0-13e2-4d72-a16d-dee4c4a9a8f2"}
[info] i  Using project frontend-b8971 (FrontEnd) 
[info] 
=== Hosting Setup
[info] 
[info] Your public directory is the folder (relative to your project directory) that
[info] will contain Hosting assets to be uploaded with firebase deploy. If you
[info] have a build process for your assets, use your build's output directory.
[info] 
